Line 22: Class prjRelapse.jcFrames of control jcFrames6 was not a loaded control class.
Line 45: Class prjRelapse.SCommandButton of control SCommandButton6 was not a loaded control class.
Line 64: Class prjRelapse.wxpText of control txtstub was not a loaded control class.
Line 93: Class prjRelapse.SCommandButton of control SCommandButton5 was not a loaded control class.
Line 112: Class prjRelapse.jcFrames of control jcFrames5 was not a loaded control class.
Line 136: Class prjRelapse.SCommandButton of control SCommandButton4 was not a loaded control class.
Line 156: Class prjRelapse.jcFrames of control jcFrames3 was not a loaded control class.
Line 179: Class prjRelapse.wxpText of control Text3 was not a loaded control class.
Line 200: Class prjRelapse.SCommandButton of control SCommandButton2 was not a loaded control class.
Line 220: Class prjRelapse.jcFrames of control jcFrames2 was not a loaded control class.
Line 243: Class prjRelapse.Check of control cEOF was not a loaded control class.
Line 265: Class prjRelapse.Check of control Check4 was not a loaded control class.
Line 287: Class prjRelapse.Check of control Check3 was not a loaded control class.
Line 309: Class prjRelapse.Check of control Check2 was not a loaded control class.
Line 331: Class prjRelapse.Check of control virus was not a loaded control class.
Line 354: Class prjRelapse.jcFrames of control jcFrames1 was not a loaded control class.
Line 377: Class prjRelapse.SCommandButton of control SCommandButton1 was not a loaded control class.
Line 27: The property name _ExtentX in jcFrames6 is invalid.
Line 28: The property name _ExtentY in jcFrames6 is invalid.
Line 29: The property name FrameColor in jcFrames6 is invalid.
Line 30: The property name Style in jcFrames6 is invalid.
Line 31: The property name Caption in jcFrames6 is invalid.
Line 32: The property name TextColor in jcFrames6 is invalid.
Line 33: The property name Alignment in jcFrames6 is invalid.
Line 43: The property name ColorFrom in jcFrames6 is invalid.
Line 44: The property name ColorTo in jcFrames6 is invalid.
Line 51: The property name _ExtentX in SCommandButton6 is invalid.
Line 52: The property name _ExtentY in SCommandButton6 is invalid.
Line 53: The property name Caption in SCommandButton6 is invalid.
Line 70: The property name _ExtentX in txtstub is invalid.
Line 71: The property name _ExtentY in txtstub is invalid.
Line 72: The property name Text in txtstub is invalid.
Line 99: The property name _ExtentX in SCommandButton5 is invalid.
Line 100: The property name _ExtentY in SCommandButton5 is invalid.
Line 101: The property name Caption in SCommandButton5 is invalid.
Line 117: The property name _ExtentX in jcFrames5 is invalid.
Line 118: The property name _ExtentY in jcFrames5 is invalid.
Line 119: The property name FrameColor in jcFrames5 is invalid.
Line 120: The property name Style in jcFrames5 is invalid.
Line 121: The property name RoundedCornerTxtBox in jcFrames5 is invalid.
Line 122: The property name Caption in jcFrames5 is invalid.
Line 123: The property name TextColor in jcFrames5 is invalid.
Line 124: The property name Alignment in jcFrames5 is invalid.
Line 134: The property name ColorFrom in jcFrames5 is invalid.
Line 135: The property name ColorTo in jcFrames5 is invalid.
Line 142: The property name _ExtentX in SCommandButton4 is invalid.
Line 143: The property name _ExtentY in SCommandButton4 is invalid.
Line 144: The property name Caption in SCommandButton4 is invalid.
Line 161: The property name _ExtentX in jcFrames3 is invalid.
Line 162: The property name _ExtentY in jcFrames3 is invalid.
Line 163: The property name FrameColor in jcFrames3 is invalid.
Line 164: The property name Style in jcFrames3 is invalid.
Line 165: The property name Caption in jcFrames3 is invalid.
Line 166: The property name TextColor in jcFrames3 is invalid.
Line 167: The property name Alignment in jcFrames3 is invalid.
Line 177: The property name ColorFrom in jcFrames3 is invalid.
Line 178: The property name ColorTo in jcFrames3 is invalid.
Line 185: The property name _ExtentX in Text3 is invalid.
Line 186: The property name _ExtentY in Text3 is invalid.
Line 187: The property name Text in Text3 is invalid.
Line 206: The property name _ExtentX in SCommandButton2 is invalid.
Line 207: The property name _ExtentY in SCommandButton2 is invalid.
Line 208: The property name Caption in SCommandButton2 is invalid.
Line 225: The property name _ExtentX in jcFrames2 is invalid.
Line 226: The property name _ExtentY in jcFrames2 is invalid.
Line 227: The property name FrameColor in jcFrames2 is invalid.
Line 228: The property name Style in jcFrames2 is invalid.
Line 229: The property name Caption in jcFrames2 is invalid.
Line 230: The property name TextColor in jcFrames2 is invalid.
Line 231: The property name Alignment in jcFrames2 is invalid.
Line 241: The property name ColorFrom in jcFrames2 is invalid.
Line 242: The property name ColorTo in jcFrames2 is invalid.
Line 249: The property name _ExtentX in cEOF is invalid.
Line 250: The property name _ExtentY in cEOF is invalid.
Line 251: The property name Caption in cEOF is invalid.
Line 262: The property name Caption in cEOF is invalid.
Line 271: The property name _ExtentX in Check4 is invalid.
Line 272: The property name _ExtentY in Check4 is invalid.
Line 273: The property name Caption in Check4 is invalid.
Line 284: The property name Caption in Check4 is invalid.
Line 293: The property name _ExtentX in Check3 is invalid.
Line 294: The property name _ExtentY in Check3 is invalid.
Line 295: The property name Caption in Check3 is invalid.
Line 306: The property name Caption in Check3 is invalid.
Line 315: The property name _ExtentX in Check2 is invalid.
Line 316: The property name _ExtentY in Check2 is invalid.
Line 317: The property name Caption in Check2 is invalid.
Line 328: The property name Caption in Check2 is invalid.
Line 337: The property name _ExtentX in virus is invalid.
Line 338: The property name _ExtentY in virus is invalid.
Line 339: The property name Caption in virus is invalid.
Line 350: The property name Caption in virus is invalid.
Line 359: The property name _ExtentX in jcFrames1 is invalid.
Line 360: The property name _ExtentY in jcFrames1 is invalid.
Line 361: The property name FrameColor in jcFrames1 is invalid.
Line 362: The property name Style in jcFrames1 is invalid.
Line 363: The property name Caption in jcFrames1 is invalid.
Line 364: The property name TextColor in jcFrames1 is invalid.
Line 365: The property name Alignment in jcFrames1 is invalid.
Line 375: The property name ColorFrom in jcFrames1 is invalid.
Line 376: The property name ColorTo in jcFrames1 is invalid.
Line 383: The property name _ExtentX in SCommandButton1 is invalid.
Line 384: The property name _ExtentY in SCommandButton1 is invalid.
Line 385: The property name Caption in SCommandButton1 is invalid.
