Line 25: Class STB.cmd of control cmd2 was not a loaded control class.
Line 63: Class STB.cmd of control cmd1 was not a loaded control class.
Line 112: Class STB.wxpText of control t was not a loaded control class.
Line 133: Class STB.wxpText of control b was not a loaded control class.
Line 14: Property List in Combo2 could not be set.
Line 31: The property name _ExtentX in cmd2 is invalid.
Line 32: The property name _ExtentY in cmd2 is invalid.
Line 33: The property name BTYPE in cmd2 is invalid.
Line 34: The property name TX in cmd2 is invalid.
Line 35: The property name ENAB in cmd2 is invalid.
Line 45: The property name COLTYPE in cmd2 is invalid.
Line 46: The property name FOCUSR in cmd2 is invalid.
Line 47: The property name BCOL in cmd2 is invalid.
Line 48: The property name BCOLO in cmd2 is invalid.
Line 49: The property name FCOL in cmd2 is invalid.
Line 50: The property name FCOLO in cmd2 is invalid.
Line 51: The property name MCOL in cmd2 is invalid.
Line 52: The property name MPTR in cmd2 is invalid.
Line 53: The property name MICON in cmd2 is invalid.
Line 54: The property name UMCOL in cmd2 is invalid.
Line 55: The property name SOFT in cmd2 is invalid.
Line 56: The property name PICPOS in cmd2 is invalid.
Line 57: The property name NGREY in cmd2 is invalid.
Line 58: The property name FX in cmd2 is invalid.
Line 59: The property name HAND in cmd2 is invalid.
Line 60: The property name CHECK in cmd2 is invalid.
Line 61: The property name VALUE in cmd2 is invalid.
Line 69: The property name _ExtentX in cmd1 is invalid.
Line 70: The property name _ExtentY in cmd1 is invalid.
Line 71: The property name BTYPE in cmd1 is invalid.
Line 72: The property name TX in cmd1 is invalid.
Line 73: The property name ENAB in cmd1 is invalid.
Line 83: The property name COLTYPE in cmd1 is invalid.
Line 84: The property name FOCUSR in cmd1 is invalid.
Line 85: The property name BCOL in cmd1 is invalid.
Line 86: The property name BCOLO in cmd1 is invalid.
Line 87: The property name FCOL in cmd1 is invalid.
Line 88: The property name FCOLO in cmd1 is invalid.
Line 89: The property name MCOL in cmd1 is invalid.
Line 90: The property name MPTR in cmd1 is invalid.
Line 91: The property name MICON in cmd1 is invalid.
Line 92: The property name UMCOL in cmd1 is invalid.
Line 93: The property name SOFT in cmd1 is invalid.
Line 94: The property name PICPOS in cmd1 is invalid.
Line 95: The property name NGREY in cmd1 is invalid.
Line 96: The property name FX in cmd1 is invalid.
Line 97: The property name HAND in cmd1 is invalid.
Line 98: The property name CHECK in cmd1 is invalid.
Line 99: The property name VALUE in cmd1 is invalid.
Line 101: Property List in Combo1 could not be set.
Line 101: Property ItemData in Combo1 could not be set.
Line 118: The property name _ExtentX in t is invalid.
Line 119: The property name _ExtentY in t is invalid.
Line 120: The property name Text in t is invalid.
Line 139: The property name _ExtentX in b is invalid.
Line 140: The property name _ExtentY in b is invalid.
Line 141: The property name Text in b is invalid.
