Line 43: Class prjCryptox.jcbutton of control cmdUpdates was not a loaded control class.
Line 71: Class prjCryptox.jcbutton of control cmdGeneral was not a loaded control class.
Line 99: Class prjCryptox.jcbutton of control cmdAnti was not a loaded control class.
Line 129: Class prjCryptox.jcbutton of control cmdFakeMessage was not a loaded control class.
Line 157: Class prjCryptox.jcbutton of control cmdReversing was not a loaded control class.
Line 185: Class prjCryptox.jcbutton of control cmdIcon was not a loaded control class.
Line 269: Class MSComDlg.CommonDialog of control cDialog was not a loaded control class.
Line 276: Class prjCryptox.ucTextbox of control txtFile was not a loaded control class.
Line 289: Class prjCryptox.EviProgressBar of control pG was not a loaded control class.
Line 302: Class prjCryptox.jcbutton of control cmdBrowse was not a loaded control class.
Line 333: Class prjCryptox.jcbutton of control cmdAbout was not a loaded control class.
Line 364: Class prjCryptox.jcbutton of control cmdBuild was not a loaded control class.
Line 395: Class prjCryptox.xFrame of control frmeGeneral was not a loaded control class.
Line 428: Class prjCryptox.Check of control chkFWB was not a loaded control class.
Line 451: Class prjCryptox.Check of control chkDownload was not a loaded control class.
Line 474: Class prjCryptox.Check of control chkValidate was not a loaded control class.
Line 497: Class prjCryptox.Check of control chkPack was not a loaded control class.
Line 520: Class prjCryptox.Check of control chkBind was not a loaded control class.
Line 563: Class prjCryptox.xFrame of control frmeIcon was not a loaded control class.
Line 596: Class prjCryptox.Check of control chkClone was not a loaded control class.
Line 619: Class prjCryptox.Check of control chkNull was not a loaded control class.
Line 642: Class prjCryptox.Check of control chkIcon was not a loaded control class.
Line 665: Class prjCryptox.jcbutton of control cmdSelectIcon was not a loaded control class.
Line 728: Class prjCryptox.xFrame of control frmeAntis was not a loaded control class.
Line 761: Class prjCryptox.Check of control chkBoxie was not a loaded control class.
Line 784: Class prjCryptox.Check of control chkAnubis was not a loaded control class.
Line 807: Class prjCryptox.Check of control chkWire was not a loaded control class.
Line 830: Class prjCryptox.Check of control chkWare was not a loaded control class.
Line 853: Class prjCryptox.Check of control chkVPC was not a loaded control class.
Line 876: Class prjCryptox.Check of control chkUniversal was not a loaded control class.
Line 919: Class prjCryptox.xFrame of control frmeFake was not a loaded control class.
Line 962: Class prjCryptox.jcbutton of control cmdFakeMsgTest was not a loaded control class.
Line 993: Class prjCryptox.wxpText of control txtDescription was not a loaded control class.
Line 1016: Class prjCryptox.wxpText of control txtTitle was not a loaded control class.
Line 1039: Class prjCryptox.Check of control chkFake was not a loaded control class.
Line 1139: Class prjCryptox.xFrame of control frmeReversing was not a loaded control class.
Line 1172: Class prjCryptox.Check of control chkPump was not a loaded control class.
Line 1195: Class prjCryptox.Check of control chkDebuggers was not a loaded control class.
Line 1218: Class prjCryptox.Check of control chkSection was not a loaded control class.
Line 1241: Class prjCryptox.Check of control chkEmulation was not a loaded control class.
Line 1264: Class prjCryptox.Check of control chkPassword was not a loaded control class.
Line 1307: Class prjCryptox.xFrame of control frmeUpdates was not a loaded control class.
