Line 50: Property Picture in ImgMinimC could not be set.
Line 67: Property Picture in ImgMinC could not be set.
Line 74: Property Picture in ImgMaxC could not be set.
Line 102: Property Picture in ImgSColtDreapta could not be set.
Line 200: Property Picture in imgBaraSus could not be set.
Line 208: Property Picture in ImgBaraDreapta could not be set.
Line 216: Property Picture in ImgBaraStanga could not be set.
Line 224: Property Picture in ImgSColtStanga could not be set.
Line 231: Property Picture in ImgJColtStanga could not be set.
Line 238: Property Picture in ImgJColtDreapta could not be set.
Line 50: Property Picture in ImgMinimC could not be set.
Line 67: Property Picture in ImgMinC could not be set.
Line 74: Property Picture in ImgMaxC could not be set.
Line 102: Property Picture in ImgSColtDreapta could not be set.
Line 200: Property Picture in imgBaraSus could not be set.
Line 208: Property Picture in ImgBaraDreapta could not be set.
Line 216: Property Picture in ImgBaraStanga could not be set.
Line 224: Property Picture in ImgSColtStanga could not be set.
Line 231: Property Picture in ImgJColtStanga could not be set.
Line 238: Property Picture in ImgJColtDreapta could not be set.
